d:\study\gameloftinternship\gl_test\newfolder\trainingfw\proj\win32\debug\trainingfw.pch
d:\study\gameloftinternship\gl_test\newfolder\trainingfw\proj\win32\debug\vc120.pdb
d:\study\gameloftinternship\gl_test\newfolder\trainingfw\proj\win32\debug\vc120.idb
d:\study\gameloftinternship\gl_test\newfolder\trainingfw\proj\win32\debug\stdafx.obj
d:\study\gameloftinternship\gl_test\newfolder\trainingfw\proj\win32\debug\camera.obj
d:\study\gameloftinternship\gl_test\newfolder\trainingfw\proj\win32\debug\game.obj
d:\study\gameloftinternship\gl_test\newfolder\trainingfw\proj\win32\debug\object.obj
d:\study\gameloftinternship\gl_test\newfolder\trainingfw\proj\win32\debug\object2d.obj
d:\study\gameloftinternship\gl_test\newfolder\trainingfw\proj\win32\debug\inputmanager.obj
d:\study\gameloftinternship\gl_test\newfolder\trainingfw\proj\win32\debug\platformandroid.obj
d:\study\gameloftinternship\gl_test\newfolder\trainingfw\proj\win32\debug\platformwin32.obj
d:\study\gameloftinternship\gl_test\newfolder\trainingfw\proj\win32\debug\resourcemanager.obj
d:\study\gameloftinternship\gl_test\newfolder\trainingfw\proj\win32\debug\scenemanager.obj
d:\study\gameloftinternship\gl_test\newfolder\trainingfw\proj\win32\debug\shaders.obj
d:\study\gameloftinternship\gl_test\newfolder\trainingfw\proj\win32\debug\tga.obj
d:\study\gameloftinternship\gl_test\newfolder\trainingfw\proj\win32\debug\fpslimiter.obj
d:\study\gameloftinternship\gl_test\newfolder\trainingfw\proj\win32\debug\program.obj
d:\study\gameloftinternship\gl_test\newfolder\trainingfw\proj\win32\debug\texture.obj
d:\study\gameloftinternship\gl_test\newfolder\trainingfw\proj\win32\debug\main.obj
d:\study\gameloftinternship\gl_test\newfolder\trainingfw\proj\win32\debug\xmath.obj
d:\study\gameloftinternship\gl_test\newfolder\trainingfw\bin\trainingfw.ilk
d:\study\gameloftinternship\gl_test\newfolder\trainingfw\bin\trainingfw.exe
d:\study\gameloftinternship\gl_test\newfolder\trainingfw\bin\trainingfw.pdb
d:\study\gameloftinternship\gl_test\newfolder\trainingfw\proj\win32\..\..\bin\trainingfw.pdb
d:\study\gameloftinternship\gl_test\newfolder\trainingfw\proj\win32\..\..\bin\trainingfw.exe
d:\study\gameloftinternship\gl_test\newfolder\trainingfw\proj\win32\..\..\bin\trainingfw.ilk
d:\study\gameloftinternship\gl_test\newfolder\trainingfw\proj\win32\debug\trainingfw.tlog\cl.command.1.tlog
d:\study\gameloftinternship\gl_test\newfolder\trainingfw\proj\win32\debug\trainingfw.tlog\cl.read.1.tlog
d:\study\gameloftinternship\gl_test\newfolder\trainingfw\proj\win32\debug\trainingfw.tlog\cl.write.1.tlog
d:\study\gameloftinternship\gl_test\newfolder\trainingfw\proj\win32\debug\trainingfw.tlog\link.command.1.tlog
d:\study\gameloftinternship\gl_test\newfolder\trainingfw\proj\win32\debug\trainingfw.tlog\link.read.1.tlog
d:\study\gameloftinternship\gl_test\newfolder\trainingfw\proj\win32\debug\trainingfw.tlog\link.write.1.tlog
