Build started 9/7/2015 15:31:57.
     1>Project "D:\Study\GameloftInternship\GL_Test\Newfolder\TrainingFW\proj\win32\TrainingFW.vcxproj" on node 2 (Build target(s)).
     1>ClCompile:
         C:\Program Files (x86)\Microsoft Visual Studio 12.0\VC\bin\CL.exe /c /ID:\Study\GameloftInternship\GL_Test\Newfolder\TrainingFW\proj\win32\..\..\lib\OGLES20\Include\ /ID:\Study\GameloftInternship\GL_Test\Newfolder\TrainingFW\proj\win32\..\..\lib\SOIL\src\ /ID:\Study\GameloftInternship\GL_Test\Newfolder\TrainingFW\proj\win32\..\..\lib\vld\include\ /ID:\Study\GameloftInternship\GL_Test\Newfolder\TrainingFW\proj\win32\..\..\source\ /ID:\Study\GameloftInternship\GL_Test\Newfolder\TrainingFW\proj\win32\..\..\lib\BulletPhysic\src\physicBullet\src\ /ZI /nologo /W3 /WX- /sdl /Od /Oy- /D _MBCS /Gm /EHsc /RTC1 /MDd /GS /fp:precise /Zc:wchar_t /Zc:forScope /Fo"Debug\\" /Fd"Debug\vc120.pdb" /Gd /TP /analyze- /errorReport:prompt ..\..\source\Platform\PlatformWin32.cpp
         PlatformWin32.cpp
     1>d:\study\gameloftinternship\gl_test\newfolder\trainingfw\source\xmath.h(185): warning C4521: 'Matrix' : multiple copy constructors specified
       Link:
         C:\Program Files (x86)\Microsoft Visual Studio 12.0\VC\bin\link.exe /ERRORREPORT:PROMPT /OUT:"D:\Study\GameloftInternship\GL_Test\Newfolder\TrainingFW\proj\win32\..\..\bin\TrainingFW.exe" /INCREMENTAL /NOLOGO /LIBPATH:D:\Study\GameloftInternship\GL_Test\Newfolder\TrainingFW\proj\win32\..\..\lib\OGLES20\ /LIBPATH:D:\Study\GameloftInternship\GL_Test\Newfolder\TrainingFW\proj\win32\..\..\lib\SOIL\ /LIBPATH:D:\Study\GameloftInternship\GL_Test\Newfolder\TrainingFW\proj\win32\..\..\lib\vld\ winmm.lib kernel32.lib user32.lib gdi32.lib winspool.lib comdlg32.lib advapi32.lib shell32.lib ole32.lib oleaut32.lib uuid.lib odbc32.lib odbccp32.lib /MANIFEST /MANIFESTUAC:"level='asInvoker' uiAccess='false'" /manifest:embed /DEBUG /PDB:"D:\Study\GameloftInternship\GL_Test\Newfolder\TrainingFW\proj\win32\..\..\bin\TrainingFW.pdb" /SUBSYSTEM:CONSOLE /TLBID:1 /DYNAMICBASE /NXCOMPAT /IMPLIB:"D:\Study\GameloftInternship\GL_Test\Newfolder\TrainingFW\proj\win32\..\..\bin\TrainingFW.lib" /MACHINE:X86 Debug\Camera.obj
         Debug\Game.obj
         Debug\Menu.obj
         Debug\Object.obj
         Debug\Object2D.obj
         Debug\InputManager.obj
         Debug\PlatformAndroid.obj
         Debug\PlatformWin32.obj
         Debug\ResourceManager.obj
         Debug\Save.obj
         Debug\SceneManager.obj
         Debug\stdafx.obj
         Debug\FPSLimiter.obj
         Debug\Program.obj
         Debug\Texture.obj
         Debug\WaterCaustic.obj
         Debug\main.obj
         Debug\XMath.obj
         D:\Study\GameloftInternship\GL_Test\Newfolder\TrainingFW\lib\BulletPhysic\Debug\BulletCollision_Debug.lib
         D:\Study\GameloftInternship\GL_Test\Newfolder\TrainingFW\lib\BulletPhysic\Debug\BulletDynamics_Debug.lib
         D:\Study\GameloftInternship\GL_Test\Newfolder\TrainingFW\lib\BulletPhysic\Debug\LinearMath_Debug.lib
         TrainingFW.vcxproj -> D:\Study\GameloftInternship\GL_Test\Newfolder\TrainingFW\proj\win32\..\..\bin\TrainingFW.exe
     1>Done Building Project "D:\Study\GameloftInternship\GL_Test\Newfolder\TrainingFW\proj\win32\TrainingFW.vcxproj" (Build target(s)).

Build succeeded.

Time Elapsed 00:00:02.73
