d:\study\gameloftinternship\gl_test\newfolder\trainingfw\lib\bulletphysic\proj\src\linearmath\linearmath.dir\debug\vc120.pdb
d:\study\gameloftinternship\gl_test\newfolder\trainingfw\lib\bulletphysic\proj\src\linearmath\linearmath.dir\debug\btvector3.obj
d:\study\gameloftinternship\gl_test\newfolder\trainingfw\lib\bulletphysic\proj\src\linearmath\linearmath.dir\debug\btserializer.obj
d:\study\gameloftinternship\gl_test\newfolder\trainingfw\lib\bulletphysic\proj\src\linearmath\linearmath.dir\debug\btquickprof.obj
d:\study\gameloftinternship\gl_test\newfolder\trainingfw\lib\bulletphysic\proj\src\linearmath\linearmath.dir\debug\btpolardecomposition.obj
d:\study\gameloftinternship\gl_test\newfolder\trainingfw\lib\bulletphysic\proj\src\linearmath\linearmath.dir\debug\btgeometryutil.obj
d:\study\gameloftinternship\gl_test\newfolder\trainingfw\lib\bulletphysic\proj\src\linearmath\linearmath.dir\debug\btconvexhullcomputer.obj
d:\study\gameloftinternship\gl_test\newfolder\trainingfw\lib\bulletphysic\proj\src\linearmath\linearmath.dir\debug\btconvexhull.obj
d:\study\gameloftinternship\gl_test\newfolder\trainingfw\lib\bulletphysic\proj\src\linearmath\linearmath.dir\debug\btalignedallocator.obj
d:\study\gameloftinternship\gl_test\newfolder\trainingfw\lib\bulletphysic\proj\src\linearmath\cmakefiles\generate.stamp
d:\study\gameloftinternship\gl_test\newfolder\trainingfw\lib\bulletphysic\debug\linearmath_debug.lib
d:\study\gameloftinternship\gl_test\newfolder\trainingfw\lib\bulletphysic\proj\src\linearmath\linearmath.dir\debug\linearmath.tlog\cl.command.1.tlog
d:\study\gameloftinternship\gl_test\newfolder\trainingfw\lib\bulletphysic\proj\src\linearmath\linearmath.dir\debug\linearmath.tlog\cl.read.1.tlog
d:\study\gameloftinternship\gl_test\newfolder\trainingfw\lib\bulletphysic\proj\src\linearmath\linearmath.dir\debug\linearmath.tlog\cl.write.1.tlog
d:\study\gameloftinternship\gl_test\newfolder\trainingfw\lib\bulletphysic\proj\src\linearmath\linearmath.dir\debug\linearmath.tlog\custombuild.command.1.tlog
d:\study\gameloftinternship\gl_test\newfolder\trainingfw\lib\bulletphysic\proj\src\linearmath\linearmath.dir\debug\linearmath.tlog\custombuild.read.1.tlog
d:\study\gameloftinternship\gl_test\newfolder\trainingfw\lib\bulletphysic\proj\src\linearmath\linearmath.dir\debug\linearmath.tlog\custombuild.write.1.tlog
d:\study\gameloftinternship\gl_test\newfolder\trainingfw\lib\bulletphysic\proj\src\linearmath\linearmath.dir\debug\linearmath.tlog\lib-link.read.1.tlog
d:\study\gameloftinternship\gl_test\newfolder\trainingfw\lib\bulletphysic\proj\src\linearmath\linearmath.dir\debug\linearmath.tlog\lib-link.write.1.tlog
d:\study\gameloftinternship\gl_test\newfolder\trainingfw\lib\bulletphysic\proj\src\linearmath\linearmath.dir\debug\linearmath.tlog\lib.command.1.tlog
