d:\study\gameloftinternship\gl_test\newfolder\trainingfw\lib\bulletphysic\proj\src\bulletdynamics\bulletdynamics.dir\debug\vc120.pdb
d:\study\gameloftinternship\gl_test\newfolder\trainingfw\lib\bulletphysic\proj\src\bulletdynamics\bulletdynamics.dir\debug\btsimpledynamicsworld.obj
d:\study\gameloftinternship\gl_test\newfolder\trainingfw\lib\bulletphysic\proj\src\bulletdynamics\bulletdynamics.dir\debug\btrigidbody.obj
d:\study\gameloftinternship\gl_test\newfolder\trainingfw\lib\bulletphysic\proj\src\bulletdynamics\bulletdynamics.dir\debug\btdiscretedynamicsworld.obj
d:\study\gameloftinternship\gl_test\newfolder\trainingfw\lib\bulletphysic\proj\src\bulletdynamics\bulletdynamics.dir\debug\btuniversalconstraint.obj
d:\study\gameloftinternship\gl_test\newfolder\trainingfw\lib\bulletphysic\proj\src\bulletdynamics\bulletdynamics.dir\debug\bttypedconstraint.obj
d:\study\gameloftinternship\gl_test\newfolder\trainingfw\lib\bulletphysic\proj\src\bulletdynamics\bulletdynamics.dir\debug\btsolve2linearconstraint.obj
d:\study\gameloftinternship\gl_test\newfolder\trainingfw\lib\bulletphysic\proj\src\bulletdynamics\bulletdynamics.dir\debug\btsliderconstraint.obj
d:\study\gameloftinternship\gl_test\newfolder\trainingfw\lib\bulletphysic\proj\src\bulletdynamics\bulletdynamics.dir\debug\btnncgconstraintsolver.obj
d:\study\gameloftinternship\gl_test\newfolder\trainingfw\lib\bulletphysic\proj\src\bulletdynamics\bulletdynamics.dir\debug\btsequentialimpulseconstraintsolver.obj
d:\study\gameloftinternship\gl_test\newfolder\trainingfw\lib\bulletphysic\proj\src\bulletdynamics\bulletdynamics.dir\debug\btpoint2pointconstraint.obj
d:\study\gameloftinternship\gl_test\newfolder\trainingfw\lib\bulletphysic\proj\src\bulletdynamics\bulletdynamics.dir\debug\bthingeconstraint.obj
d:\study\gameloftinternship\gl_test\newfolder\trainingfw\lib\bulletphysic\proj\src\bulletdynamics\bulletdynamics.dir\debug\bthinge2constraint.obj
d:\study\gameloftinternship\gl_test\newfolder\trainingfw\lib\bulletphysic\proj\src\bulletdynamics\bulletdynamics.dir\debug\btgeneric6dofspring2constraint.obj
d:\study\gameloftinternship\gl_test\newfolder\trainingfw\lib\bulletphysic\proj\src\bulletdynamics\bulletdynamics.dir\debug\btgeneric6dofspringconstraint.obj
d:\study\gameloftinternship\gl_test\newfolder\trainingfw\lib\bulletphysic\proj\src\bulletdynamics\bulletdynamics.dir\debug\btgeneric6dofconstraint.obj
d:\study\gameloftinternship\gl_test\newfolder\trainingfw\lib\bulletphysic\proj\src\bulletdynamics\bulletdynamics.dir\debug\btgearconstraint.obj
d:\study\gameloftinternship\gl_test\newfolder\trainingfw\lib\bulletphysic\proj\src\bulletdynamics\bulletdynamics.dir\debug\btfixedconstraint.obj
d:\study\gameloftinternship\gl_test\newfolder\trainingfw\lib\bulletphysic\proj\src\bulletdynamics\bulletdynamics.dir\debug\btcontactconstraint.obj
d:\study\gameloftinternship\gl_test\newfolder\trainingfw\lib\bulletphysic\proj\src\bulletdynamics\bulletdynamics.dir\debug\btconetwistconstraint.obj
d:\study\gameloftinternship\gl_test\newfolder\trainingfw\lib\bulletphysic\proj\src\bulletdynamics\bulletdynamics.dir\debug\btkinematiccharactercontroller.obj
d:\study\gameloftinternship\gl_test\newfolder\trainingfw\lib\bulletphysic\proj\src\bulletdynamics\bulletdynamics.dir\debug\btlemkealgorithm.obj
d:\study\gameloftinternship\gl_test\newfolder\trainingfw\lib\bulletphysic\proj\src\bulletdynamics\bulletdynamics.dir\debug\btmlcpsolver.obj
d:\study\gameloftinternship\gl_test\newfolder\trainingfw\lib\bulletphysic\proj\src\bulletdynamics\bulletdynamics.dir\debug\btdantziglcp.obj
d:\study\gameloftinternship\gl_test\newfolder\trainingfw\lib\bulletphysic\proj\src\bulletdynamics\bulletdynamics.dir\debug\btmultibodyjointmotor.obj
d:\study\gameloftinternship\gl_test\newfolder\trainingfw\lib\bulletphysic\proj\src\bulletdynamics\bulletdynamics.dir\debug\btmultibodypoint2point.obj
d:\study\gameloftinternship\gl_test\newfolder\trainingfw\lib\bulletphysic\proj\src\bulletdynamics\bulletdynamics.dir\debug\btmultibodyconstraint.obj
d:\study\gameloftinternship\gl_test\newfolder\trainingfw\lib\bulletphysic\proj\src\bulletdynamics\bulletdynamics.dir\debug\btmultibodyjointlimitconstraint.obj
d:\study\gameloftinternship\gl_test\newfolder\trainingfw\lib\bulletphysic\proj\src\bulletdynamics\bulletdynamics.dir\debug\btmultibodydynamicsworld.obj
d:\study\gameloftinternship\gl_test\newfolder\trainingfw\lib\bulletphysic\proj\src\bulletdynamics\bulletdynamics.dir\debug\btmultibodyconstraintsolver.obj
d:\study\gameloftinternship\gl_test\newfolder\trainingfw\lib\bulletphysic\proj\src\bulletdynamics\bulletdynamics.dir\debug\btmultibody.obj
d:\study\gameloftinternship\gl_test\newfolder\trainingfw\lib\bulletphysic\proj\src\bulletdynamics\bulletdynamics.dir\debug\btwheelinfo.obj
d:\study\gameloftinternship\gl_test\newfolder\trainingfw\lib\bulletphysic\proj\src\bulletdynamics\bulletdynamics.dir\debug\btraycastvehicle.obj
d:\study\gameloftinternship\gl_test\newfolder\trainingfw\lib\bulletphysic\proj\src\bulletdynamics\cmakefiles\generate.stamp
d:\study\gameloftinternship\gl_test\newfolder\trainingfw\lib\bulletphysic\debug\bulletdynamics_debug.lib
d:\study\gameloftinternship\gl_test\newfolder\trainingfw\lib\bulletphysic\proj\src\bulletdynamics\bulletdynamics.dir\debug\bulletdynamics.tlog\cl.command.1.tlog
d:\study\gameloftinternship\gl_test\newfolder\trainingfw\lib\bulletphysic\proj\src\bulletdynamics\bulletdynamics.dir\debug\bulletdynamics.tlog\cl.read.1.tlog
d:\study\gameloftinternship\gl_test\newfolder\trainingfw\lib\bulletphysic\proj\src\bulletdynamics\bulletdynamics.dir\debug\bulletdynamics.tlog\cl.write.1.tlog
d:\study\gameloftinternship\gl_test\newfolder\trainingfw\lib\bulletphysic\proj\src\bulletdynamics\bulletdynamics.dir\debug\bulletdynamics.tlog\custombuild.command.1.tlog
d:\study\gameloftinternship\gl_test\newfolder\trainingfw\lib\bulletphysic\proj\src\bulletdynamics\bulletdynamics.dir\debug\bulletdynamics.tlog\custombuild.read.1.tlog
d:\study\gameloftinternship\gl_test\newfolder\trainingfw\lib\bulletphysic\proj\src\bulletdynamics\bulletdynamics.dir\debug\bulletdynamics.tlog\custombuild.write.1.tlog
d:\study\gameloftinternship\gl_test\newfolder\trainingfw\lib\bulletphysic\proj\src\bulletdynamics\bulletdynamics.dir\debug\bulletdynamics.tlog\lib-link.read.1.tlog
d:\study\gameloftinternship\gl_test\newfolder\trainingfw\lib\bulletphysic\proj\src\bulletdynamics\bulletdynamics.dir\debug\bulletdynamics.tlog\lib-link.write.1.tlog
d:\study\gameloftinternship\gl_test\newfolder\trainingfw\lib\bulletphysic\proj\src\bulletdynamics\bulletdynamics.dir\debug\bulletdynamics.tlog\lib.command.1.tlog
