d:\study\gameloftinternship\gl_test\newfolder\trainingfw\lib\bulletphysic\proj\src\bulletcollision\bulletcollision.dir\debug\vc120.pdb
d:\study\gameloftinternship\gl_test\newfolder\trainingfw\lib\bulletphysic\proj\src\bulletcollision\bulletcollision.dir\debug\btcompoundcompoundcollisionalgorithm.obj
d:\study\gameloftinternship\gl_test\newfolder\trainingfw\lib\bulletphysic\proj\src\bulletcollision\bulletcollision.dir\debug\btcompoundcollisionalgorithm.obj
d:\study\gameloftinternship\gl_test\newfolder\trainingfw\lib\bulletphysic\proj\src\bulletcollision\bulletcollision.dir\debug\btcollisionworldimporter.obj
d:\study\gameloftinternship\gl_test\newfolder\trainingfw\lib\bulletphysic\proj\src\bulletcollision\bulletcollision.dir\debug\btcollisionworld.obj
d:\study\gameloftinternship\gl_test\newfolder\trainingfw\lib\bulletphysic\proj\src\bulletcollision\bulletcollision.dir\debug\btcollisionobject.obj
d:\study\gameloftinternship\gl_test\newfolder\trainingfw\lib\bulletphysic\proj\src\bulletcollision\bulletcollision.dir\debug\btcollisiondispatcher.obj
d:\study\gameloftinternship\gl_test\newfolder\trainingfw\lib\bulletphysic\proj\src\bulletcollision\bulletcollision.dir\debug\btboxboxdetector.obj
d:\study\gameloftinternship\gl_test\newfolder\trainingfw\lib\bulletphysic\proj\src\bulletcollision\bulletcollision.dir\debug\btbox2dbox2dcollisionalgorithm.obj
d:\study\gameloftinternship\gl_test\newfolder\trainingfw\lib\bulletphysic\proj\src\bulletcollision\bulletcollision.dir\debug\btboxboxcollisionalgorithm.obj
d:\study\gameloftinternship\gl_test\newfolder\trainingfw\lib\bulletphysic\proj\src\bulletcollision\bulletcollision.dir\debug\btactivatingcollisionalgorithm.obj
d:\study\gameloftinternship\gl_test\newfolder\trainingfw\lib\bulletphysic\proj\src\bulletcollision\bulletcollision.dir\debug\btsimplebroadphase.obj
d:\study\gameloftinternship\gl_test\newfolder\trainingfw\lib\bulletphysic\proj\src\bulletcollision\bulletcollision.dir\debug\btquantizedbvh.obj
d:\study\gameloftinternship\gl_test\newfolder\trainingfw\lib\bulletphysic\proj\src\bulletcollision\bulletcollision.dir\debug\btoverlappingpaircache.obj
d:\study\gameloftinternship\gl_test\newfolder\trainingfw\lib\bulletphysic\proj\src\bulletcollision\bulletcollision.dir\debug\btmultisapbroadphase.obj
d:\study\gameloftinternship\gl_test\newfolder\trainingfw\lib\bulletphysic\proj\src\bulletcollision\bulletcollision.dir\debug\btdispatcher.obj
d:\study\gameloftinternship\gl_test\newfolder\trainingfw\lib\bulletphysic\proj\src\bulletcollision\bulletcollision.dir\debug\btdbvtbroadphase.obj
d:\study\gameloftinternship\gl_test\newfolder\trainingfw\lib\bulletphysic\proj\src\bulletcollision\bulletcollision.dir\debug\btdbvt.obj
d:\study\gameloftinternship\gl_test\newfolder\trainingfw\lib\bulletphysic\proj\src\bulletcollision\bulletcollision.dir\debug\btcollisionalgorithm.obj
d:\study\gameloftinternship\gl_test\newfolder\trainingfw\lib\bulletphysic\proj\src\bulletcollision\bulletcollision.dir\debug\btbroadphaseproxy.obj
d:\study\gameloftinternship\gl_test\newfolder\trainingfw\lib\bulletphysic\proj\src\bulletcollision\bulletcollision.dir\debug\btaxissweep3.obj
d:\study\gameloftinternship\gl_test\newfolder\trainingfw\lib\bulletphysic\proj\src\bulletcollision\bulletcollision.dir\debug\btcapsuleshape.obj
d:\study\gameloftinternship\gl_test\newfolder\trainingfw\lib\bulletphysic\proj\src\bulletcollision\bulletcollision.dir\debug\btbvhtrianglemeshshape.obj
d:\study\gameloftinternship\gl_test\newfolder\trainingfw\lib\bulletphysic\proj\src\bulletcollision\bulletcollision.dir\debug\btbox2dshape.obj
d:\study\gameloftinternship\gl_test\newfolder\trainingfw\lib\bulletphysic\proj\src\bulletcollision\bulletcollision.dir\debug\btboxshape.obj
d:\study\gameloftinternship\gl_test\newfolder\trainingfw\lib\bulletphysic\proj\src\bulletcollision\bulletcollision.dir\debug\spheretriangledetector.obj
d:\study\gameloftinternship\gl_test\newfolder\trainingfw\lib\bulletphysic\proj\src\bulletcollision\bulletcollision.dir\debug\btunionfind.obj
d:\study\gameloftinternship\gl_test\newfolder\trainingfw\lib\bulletphysic\proj\src\bulletcollision\bulletcollision.dir\debug\btspheretrianglecollisionalgorithm.obj
d:\study\gameloftinternship\gl_test\newfolder\trainingfw\lib\bulletphysic\proj\src\bulletcollision\bulletcollision.dir\debug\btspherespherecollisionalgorithm.obj
d:\study\gameloftinternship\gl_test\newfolder\trainingfw\lib\bulletphysic\proj\src\bulletcollision\bulletcollision.dir\debug\btsphereboxcollisionalgorithm.obj
d:\study\gameloftinternship\gl_test\newfolder\trainingfw\lib\bulletphysic\proj\src\bulletcollision\bulletcollision.dir\debug\btsimulationislandmanager.obj
d:\study\gameloftinternship\gl_test\newfolder\trainingfw\lib\bulletphysic\proj\src\bulletcollision\bulletcollision.dir\debug\btmanifoldresult.obj
d:\study\gameloftinternship\gl_test\newfolder\trainingfw\lib\bulletphysic\proj\src\bulletcollision\bulletcollision.dir\debug\btinternaledgeutility.obj
d:\study\gameloftinternship\gl_test\newfolder\trainingfw\lib\bulletphysic\proj\src\bulletcollision\bulletcollision.dir\debug\bthashedsimplepaircache.obj
d:\study\gameloftinternship\gl_test\newfolder\trainingfw\lib\bulletphysic\proj\src\bulletcollision\bulletcollision.dir\debug\btghostobject.obj
d:\study\gameloftinternship\gl_test\newfolder\trainingfw\lib\bulletphysic\proj\src\bulletcollision\bulletcollision.dir\debug\btemptycollisionalgorithm.obj
d:\study\gameloftinternship\gl_test\newfolder\trainingfw\lib\bulletphysic\proj\src\bulletcollision\bulletcollision.dir\debug\btdefaultcollisionconfiguration.obj
d:\study\gameloftinternship\gl_test\newfolder\trainingfw\lib\bulletphysic\proj\src\bulletcollision\bulletcollision.dir\debug\btconvex2dconvex2dalgorithm.obj
d:\study\gameloftinternship\gl_test\newfolder\trainingfw\lib\bulletphysic\proj\src\bulletcollision\bulletcollision.dir\debug\btconvexplanecollisionalgorithm.obj
d:\study\gameloftinternship\gl_test\newfolder\trainingfw\lib\bulletphysic\proj\src\bulletcollision\bulletcollision.dir\debug\btconvexconvexalgorithm.obj
d:\study\gameloftinternship\gl_test\newfolder\trainingfw\lib\bulletphysic\proj\src\bulletcollision\bulletcollision.dir\debug\btconvexconcavecollisionalgorithm.obj
d:\study\gameloftinternship\gl_test\newfolder\trainingfw\lib\bulletphysic\proj\src\bulletcollision\bulletcollision.dir\debug\btscaledbvhtrianglemeshshape.obj
d:\study\gameloftinternship\gl_test\newfolder\trainingfw\lib\bulletphysic\proj\src\bulletcollision\bulletcollision.dir\debug\btpolyhedralconvexshape.obj
d:\study\gameloftinternship\gl_test\newfolder\trainingfw\lib\bulletphysic\proj\src\bulletcollision\bulletcollision.dir\debug\btoptimizedbvh.obj
d:\study\gameloftinternship\gl_test\newfolder\trainingfw\lib\bulletphysic\proj\src\bulletcollision\bulletcollision.dir\debug\btmultisphereshape.obj
d:\study\gameloftinternship\gl_test\newfolder\trainingfw\lib\bulletphysic\proj\src\bulletcollision\bulletcollision.dir\debug\btmultimaterialtrianglemeshshape.obj
d:\study\gameloftinternship\gl_test\newfolder\trainingfw\lib\bulletphysic\proj\src\bulletcollision\bulletcollision.dir\debug\btminkowskisumshape.obj
d:\study\gameloftinternship\gl_test\newfolder\trainingfw\lib\bulletphysic\proj\src\bulletcollision\bulletcollision.dir\debug\btheightfieldterrainshape.obj
d:\study\gameloftinternship\gl_test\newfolder\trainingfw\lib\bulletphysic\proj\src\bulletcollision\bulletcollision.dir\debug\btemptyshape.obj
d:\study\gameloftinternship\gl_test\newfolder\trainingfw\lib\bulletphysic\proj\src\bulletcollision\bulletcollision.dir\debug\btcylindershape.obj
d:\study\gameloftinternship\gl_test\newfolder\trainingfw\lib\bulletphysic\proj\src\bulletcollision\bulletcollision.dir\debug\btconvextrianglemeshshape.obj
d:\study\gameloftinternship\gl_test\newfolder\trainingfw\lib\bulletphysic\proj\src\bulletcollision\bulletcollision.dir\debug\btconvex2dshape.obj
d:\study\gameloftinternship\gl_test\newfolder\trainingfw\lib\bulletphysic\proj\src\bulletcollision\bulletcollision.dir\debug\btconvexshape.obj
d:\study\gameloftinternship\gl_test\newfolder\trainingfw\lib\bulletphysic\proj\src\bulletcollision\bulletcollision.dir\debug\btconvexpolyhedron.obj
d:\study\gameloftinternship\gl_test\newfolder\trainingfw\lib\bulletphysic\proj\src\bulletcollision\bulletcollision.dir\debug\btconvexpointcloudshape.obj
d:\study\gameloftinternship\gl_test\newfolder\trainingfw\lib\bulletphysic\proj\src\bulletcollision\bulletcollision.dir\debug\btconvexinternalshape.obj
d:\study\gameloftinternship\gl_test\newfolder\trainingfw\lib\bulletphysic\proj\src\bulletcollision\bulletcollision.dir\debug\btconvexhullshape.obj
d:\study\gameloftinternship\gl_test\newfolder\trainingfw\lib\bulletphysic\proj\src\bulletcollision\bulletcollision.dir\debug\btconeshape.obj
d:\study\gameloftinternship\gl_test\newfolder\trainingfw\lib\bulletphysic\proj\src\bulletcollision\bulletcollision.dir\debug\btconcaveshape.obj
d:\study\gameloftinternship\gl_test\newfolder\trainingfw\lib\bulletphysic\proj\src\bulletcollision\bulletcollision.dir\debug\btcompoundshape.obj
d:\study\gameloftinternship\gl_test\newfolder\trainingfw\lib\bulletphysic\proj\src\bulletcollision\bulletcollision.dir\debug\btcollisionshape.obj
d:\study\gameloftinternship\gl_test\newfolder\trainingfw\lib\bulletphysic\proj\src\bulletcollision\bulletcollision.dir\debug\gim_box_set.obj
d:\study\gameloftinternship\gl_test\newfolder\trainingfw\lib\bulletphysic\proj\src\bulletcollision\bulletcollision.dir\debug\bttriangleshapeex.obj
d:\study\gameloftinternship\gl_test\newfolder\trainingfw\lib\bulletphysic\proj\src\bulletcollision\bulletcollision.dir\debug\btgimpactshape.obj
d:\study\gameloftinternship\gl_test\newfolder\trainingfw\lib\bulletphysic\proj\src\bulletcollision\bulletcollision.dir\debug\btgimpactquantizedbvh.obj
d:\study\gameloftinternship\gl_test\newfolder\trainingfw\lib\bulletphysic\proj\src\bulletcollision\bulletcollision.dir\debug\btgimpactcollisionalgorithm.obj
d:\study\gameloftinternship\gl_test\newfolder\trainingfw\lib\bulletphysic\proj\src\bulletcollision\bulletcollision.dir\debug\btgimpactbvh.obj
d:\study\gameloftinternship\gl_test\newfolder\trainingfw\lib\bulletphysic\proj\src\bulletcollision\bulletcollision.dir\debug\btgenericpoolallocator.obj
d:\study\gameloftinternship\gl_test\newfolder\trainingfw\lib\bulletphysic\proj\src\bulletcollision\bulletcollision.dir\debug\btcontactprocessing.obj
d:\study\gameloftinternship\gl_test\newfolder\trainingfw\lib\bulletphysic\proj\src\bulletcollision\bulletcollision.dir\debug\btuniformscalingshape.obj
d:\study\gameloftinternship\gl_test\newfolder\trainingfw\lib\bulletphysic\proj\src\bulletcollision\bulletcollision.dir\debug\bttrianglemeshshape.obj
d:\study\gameloftinternship\gl_test\newfolder\trainingfw\lib\bulletphysic\proj\src\bulletcollision\bulletcollision.dir\debug\bttrianglemesh.obj
d:\study\gameloftinternship\gl_test\newfolder\trainingfw\lib\bulletphysic\proj\src\bulletcollision\bulletcollision.dir\debug\bttriangleindexvertexmaterialarray.obj
d:\study\gameloftinternship\gl_test\newfolder\trainingfw\lib\bulletphysic\proj\src\bulletcollision\bulletcollision.dir\debug\bttriangleindexvertexarray.obj
d:\study\gameloftinternship\gl_test\newfolder\trainingfw\lib\bulletphysic\proj\src\bulletcollision\bulletcollision.dir\debug\bttrianglecallback.obj
d:\study\gameloftinternship\gl_test\newfolder\trainingfw\lib\bulletphysic\proj\src\bulletcollision\bulletcollision.dir\debug\bttrianglebuffer.obj
d:\study\gameloftinternship\gl_test\newfolder\trainingfw\lib\bulletphysic\proj\src\bulletcollision\bulletcollision.dir\debug\bttetrahedronshape.obj
d:\study\gameloftinternship\gl_test\newfolder\trainingfw\lib\bulletphysic\proj\src\bulletcollision\bulletcollision.dir\debug\btstridingmeshinterface.obj
d:\study\gameloftinternship\gl_test\newfolder\trainingfw\lib\bulletphysic\proj\src\bulletcollision\bulletcollision.dir\debug\btstaticplaneshape.obj
d:\study\gameloftinternship\gl_test\newfolder\trainingfw\lib\bulletphysic\proj\src\bulletcollision\bulletcollision.dir\debug\btsphereshape.obj
d:\study\gameloftinternship\gl_test\newfolder\trainingfw\lib\bulletphysic\proj\src\bulletcollision\bulletcollision.dir\debug\btshapehull.obj
d:\study\gameloftinternship\gl_test\newfolder\trainingfw\lib\bulletphysic\proj\src\bulletcollision\bulletcollision.dir\debug\btpolyhedralcontactclipping.obj
d:\study\gameloftinternship\gl_test\newfolder\trainingfw\lib\bulletphysic\proj\src\bulletcollision\bulletcollision.dir\debug\btvoronoisimplexsolver.obj
d:\study\gameloftinternship\gl_test\newfolder\trainingfw\lib\bulletphysic\proj\src\bulletcollision\bulletcollision.dir\debug\btsubsimplexconvexcast.obj
d:\study\gameloftinternship\gl_test\newfolder\trainingfw\lib\bulletphysic\proj\src\bulletcollision\bulletcollision.dir\debug\btraycastcallback.obj
d:\study\gameloftinternship\gl_test\newfolder\trainingfw\lib\bulletphysic\proj\src\bulletcollision\bulletcollision.dir\debug\btpersistentmanifold.obj
d:\study\gameloftinternship\gl_test\newfolder\trainingfw\lib\bulletphysic\proj\src\bulletcollision\bulletcollision.dir\debug\btminkowskipenetrationdepthsolver.obj
d:\study\gameloftinternship\gl_test\newfolder\trainingfw\lib\bulletphysic\proj\src\bulletcollision\bulletcollision.dir\debug\btgjkpairdetector.obj
d:\study\gameloftinternship\gl_test\newfolder\trainingfw\lib\bulletphysic\proj\src\bulletcollision\bulletcollision.dir\debug\btgjkepapenetrationdepthsolver.obj
d:\study\gameloftinternship\gl_test\newfolder\trainingfw\lib\bulletphysic\proj\src\bulletcollision\bulletcollision.dir\debug\btgjkepa2.obj
d:\study\gameloftinternship\gl_test\newfolder\trainingfw\lib\bulletphysic\proj\src\bulletcollision\bulletcollision.dir\debug\btgjkconvexcast.obj
d:\study\gameloftinternship\gl_test\newfolder\trainingfw\lib\bulletphysic\proj\src\bulletcollision\bulletcollision.dir\debug\btconvexcast.obj
d:\study\gameloftinternship\gl_test\newfolder\trainingfw\lib\bulletphysic\proj\src\bulletcollision\bulletcollision.dir\debug\btcontinuousconvexcollision.obj
d:\study\gameloftinternship\gl_test\newfolder\trainingfw\lib\bulletphysic\proj\src\bulletcollision\bulletcollision.dir\debug\gim_tri_collision.obj
d:\study\gameloftinternship\gl_test\newfolder\trainingfw\lib\bulletphysic\proj\src\bulletcollision\bulletcollision.dir\debug\gim_memory.obj
d:\study\gameloftinternship\gl_test\newfolder\trainingfw\lib\bulletphysic\proj\src\bulletcollision\bulletcollision.dir\debug\gim_contact.obj
d:\study\gameloftinternship\gl_test\newfolder\trainingfw\lib\bulletphysic\proj\src\bulletcollision\cmakefiles\generate.stamp
d:\study\gameloftinternship\gl_test\newfolder\trainingfw\lib\bulletphysic\debug\bulletcollision_debug.lib
d:\study\gameloftinternship\gl_test\newfolder\trainingfw\lib\bulletphysic\proj\src\bulletcollision\bulletcollision.dir\debug\bulletcollision.tlog\cl.command.1.tlog
d:\study\gameloftinternship\gl_test\newfolder\trainingfw\lib\bulletphysic\proj\src\bulletcollision\bulletcollision.dir\debug\bulletcollision.tlog\cl.read.1.tlog
d:\study\gameloftinternship\gl_test\newfolder\trainingfw\lib\bulletphysic\proj\src\bulletcollision\bulletcollision.dir\debug\bulletcollision.tlog\cl.write.1.tlog
d:\study\gameloftinternship\gl_test\newfolder\trainingfw\lib\bulletphysic\proj\src\bulletcollision\bulletcollision.dir\debug\bulletcollision.tlog\custombuild.command.1.tlog
d:\study\gameloftinternship\gl_test\newfolder\trainingfw\lib\bulletphysic\proj\src\bulletcollision\bulletcollision.dir\debug\bulletcollision.tlog\custombuild.read.1.tlog
d:\study\gameloftinternship\gl_test\newfolder\trainingfw\lib\bulletphysic\proj\src\bulletcollision\bulletcollision.dir\debug\bulletcollision.tlog\custombuild.write.1.tlog
d:\study\gameloftinternship\gl_test\newfolder\trainingfw\lib\bulletphysic\proj\src\bulletcollision\bulletcollision.dir\debug\bulletcollision.tlog\lib-link.read.1.tlog
d:\study\gameloftinternship\gl_test\newfolder\trainingfw\lib\bulletphysic\proj\src\bulletcollision\bulletcollision.dir\debug\bulletcollision.tlog\lib-link.write.1.tlog
d:\study\gameloftinternship\gl_test\newfolder\trainingfw\lib\bulletphysic\proj\src\bulletcollision\bulletcollision.dir\debug\bulletcollision.tlog\lib.command.1.tlog
